\BOOKMARK [0][]{chapter.1}{\376\377\0001\116\313\176\315}{}% 1
\BOOKMARK [0][]{chapter.2}{\376\377\0002\213\241\173\227\147\072\165\305\153\322}{}% 2
\BOOKMARK [0][]{chapter.3}{\376\377\0003\213\241\173\227\147\072\165\305\153\322\166\204\230\204\226\062}{}% 3
\BOOKMARK [1][]{section.3.1}{\376\377\0003\000.\0001\000\040\127\372\147\054\166\204\226\120\122\066}{chapter.3}% 4
\BOOKMARK [1][]{section.3.2}{\376\377\0003\000.\0002\000\040\122\006\123\072\152\041\127\213}{chapter.3}% 5
\BOOKMARK [1][]{section.3.3}{\376\377\0003\000.\0003\000\040\155\101\152\041\127\213}{chapter.3}% 6
\BOOKMARK [1][]{section.3.4}{\376\377\0003\000.\0004\000\040\147\011\226\120\177\373\213\321}{chapter.3}% 7
\BOOKMARK [1][]{section.3.5}{\376\377\0003\000.\0005\000\040\174\276\136\246\225\356\230\230}{chapter.3}% 8
\BOOKMARK [1][]{section.3.6}{\376\377\0003\000.\0006\000\040\140\073\176\323\116\016\176\323\213\272}{chapter.3}% 9
\BOOKMARK [0][]{chapter.4}{\376\377\0004\213\241\173\227\147\072\165\305\153\322\166\204\154\273\141\010}{}% 10
\BOOKMARK [1][]{section.4.1}{\376\377\0004\000.\0001\000\040\165\305\153\322\166\204\150\300\155\113}{chapter.4}% 11
\BOOKMARK [1][]{section.4.2}{\376\377\0004\000.\0002\000\040\165\305\153\322\166\204\157\024\123\026}{chapter.4}% 12
\BOOKMARK [1][]{section.4.3}{\376\377\0004\000.\0003\000\040\147\011\226\120\166\204\165\305\153\322\226\062\142\244}{chapter.4}% 13
\BOOKMARK [0][]{chapter.5}{\376\377\0005\213\241\173\227\147\072\165\305\153\322\166\204\133\236\232\214}{}% 14
\BOOKMARK [1][]{section.5.1}{\376\377\0005\000.\0001\000\040\173\054\116\000\116\052\165\305\153\322}{chapter.5}% 15
\BOOKMARK [1][]{section.5.2}{\376\377\0005\000.\0002\000\040\127\372\116\216\000B\000e\000l\000l\000-\000L\000a\000p\000a\000d\000u\000l\000a\166\204\174\373\176\337}{chapter.5}% 16
\BOOKMARK [1][]{section.5.3}{\376\377\0005\000.\0003\000\040\000i\000n\000s\000t\000r\000u\000m\000e\000n\000t\000a\000t\000i\000o\000n}{chapter.5}% 17
\BOOKMARK [1][]{section.5.4}{\376\377\0005\000.\0004\000\040\140\073\176\323\116\016\176\323\213\272}{chapter.5}% 18
\BOOKMARK [0][]{chapter.6}{\376\377\0006\140\073\176\323\377\014\176\323\213\272\116\016\116\013\116\000\153\145\166\204\135\345\117\134}{}% 19
\BOOKMARK [0][]{section*.2}{\376\377\123\302\200\003\145\207\163\056}{}% 20
